<?xml version="1.0" encoding="UTF-8"?>
<!-- Generated by org.testng.reporters.JUnitXMLReporter -->
<testsuite ignored="0" hostname="SV-23-QA-006-R" failures="0" tests="3" name="Default test" time="22.893" errors="0" timestamp="24 Aug 2023 17:39:24 GMT">
  <testcase classname="com.test.TC_login_page" name="verify_forgotPaswordLink" time="0.161"/>
  <testcase classname="com.test.TC_login_page" name="verify_login_page" time="0.361"/>
  <testcase classname="com.test.TC_login_page" name="verify_login_pageAgain" time="0.003"/>
</testsuite> <!-- Default test -->
