<?xml version="1.0" encoding="UTF-8"?>
<testng-results ignored="0" total="3" passed="3" failed="0" skipped="0">
  <reporter-output>
  </reporter-output>
  <suite started-at="2023-08-24T17:39:01Z" name="Default suite" finished-at="2023-08-24T17:39:24Z" duration-ms="22893">
    <groups>
    </groups>
    <test started-at="2023-08-24T17:39:01Z" name="Default test" finished-at="2023-08-24T17:39:24Z" duration-ms="22893">
      <class name="com.test.TC_login_page">
        <test-method is-config="true" signature="BS()[pri:0, instance:com.test.TC_login_page@a8ef162]" started-at="2023-08-24T17:39:00Z" name="BS" finished-at="2023-08-24T17:39:01Z" duration-ms="998" status="PASS">
          <reporter-output>
          </reporter-output>
        </test-method> <!-- BS -->
        <test-method is-config="true" signature="SetUp()[pri:0, instance:com.test.TC_login_page@a8ef162]" started-at="2023-08-24T17:39:01Z" name="SetUp" finished-at="2023-08-24T17:39:11Z" duration-ms="9371" status="PASS">
          <reporter-output>
          </reporter-output>
        </test-method> <!-- SetUp -->
        <test-method signature="verify_forgotPaswordLink()[pri:0, instance:com.test.TC_login_page@a8ef162]" started-at="2023-08-24T17:39:11Z" name="verify_forgotPaswordLink" finished-at="2023-08-24T17:39:11Z" duration-ms="161" status="PASS">
          <reporter-output>
          </reporter-output>
        </test-method> <!-- verify_forgotPaswordLink -->
        <test-method is-config="true" signature="tearDown()[pri:0, instance:com.test.TC_login_page@a8ef162]" started-at="2023-08-24T17:39:11Z" name="tearDown" finished-at="2023-08-24T17:39:11Z" duration-ms="0" status="PASS">
          <reporter-output>
          </reporter-output>
        </test-method> <!-- tearDown -->
        <test-method is-config="true" signature="SetUp()[pri:0, instance:com.test.TC_login_page@a8ef162]" started-at="2023-08-24T17:39:11Z" name="SetUp" finished-at="2023-08-24T17:39:17Z" duration-ms="6466" status="PASS">
          <reporter-output>
          </reporter-output>
        </test-method> <!-- SetUp -->
        <test-method signature="verify_login_page()[pri:0, instance:com.test.TC_login_page@a8ef162]" started-at="2023-08-24T17:39:17Z" name="verify_login_page" finished-at="2023-08-24T17:39:18Z" duration-ms="361" status="PASS">
          <reporter-output>
          </reporter-output>
        </test-method> <!-- verify_login_page -->
        <test-method is-config="true" signature="tearDown()[pri:0, instance:com.test.TC_login_page@a8ef162]" started-at="2023-08-24T17:39:18Z" name="tearDown" finished-at="2023-08-24T17:39:18Z" duration-ms="0" status="PASS">
          <reporter-output>
          </reporter-output>
        </test-method> <!-- tearDown -->
        <test-method is-config="true" signature="SetUp()[pri:0, instance:com.test.TC_login_page@a8ef162]" started-at="2023-08-24T17:39:18Z" name="SetUp" finished-at="2023-08-24T17:39:24Z" duration-ms="6508" status="PASS">
          <reporter-output>
          </reporter-output>
        </test-method> <!-- SetUp -->
        <test-method signature="verify_login_pageAgain()[pri:0, instance:com.test.TC_login_page@a8ef162]" started-at="2023-08-24T17:39:24Z" name="verify_login_pageAgain" finished-at="2023-08-24T17:39:24Z" duration-ms="3" status="PASS">
          <reporter-output>
          </reporter-output>
        </test-method> <!-- verify_login_pageAgain -->
        <test-method is-config="true" signature="tearDown()[pri:0, instance:com.test.TC_login_page@a8ef162]" started-at="2023-08-24T17:39:24Z" name="tearDown" finished-at="2023-08-24T17:39:24Z" duration-ms="1" status="PASS">
          <reporter-output>
          </reporter-output>
        </test-method> <!-- tearDown -->
      </class> <!-- com.test.TC_login_page -->
    </test> <!-- Default test -->
  </suite> <!-- Default suite -->
</testng-results>
