<?xml version="1.0" encoding="UTF-8"?>
<testng-results ignored="0" total="1" passed="1" failed="0" skipped="0">
  <reporter-output>
  </reporter-output>
  <suite started-at="2023-08-25T16:31:32Z" name="Default suite" finished-at="2023-08-25T16:31:58Z" duration-ms="25317">
    <groups>
    </groups>
    <test started-at="2023-08-25T16:31:32Z" name="Default test" finished-at="2023-08-25T16:31:58Z" duration-ms="25317">
      <class name="com.test.TC_login_page">
        <test-method is-config="true" signature="BS()[pri:0, instance:com.test.TC_login_page@68878f6d]" started-at="2023-08-25T16:31:31Z" name="BS" finished-at="2023-08-25T16:31:32Z" duration-ms="971" status="PASS">
          <reporter-output>
          </reporter-output>
        </test-method> <!-- BS -->
        <test-method is-config="true" signature="SetUp()[pri:0, instance:com.test.TC_login_page@68878f6d]" started-at="2023-08-25T16:31:32Z" name="SetUp" finished-at="2023-08-25T16:31:40Z" duration-ms="7699" status="PASS">
          <reporter-output>
          </reporter-output>
        </test-method> <!-- SetUp -->
        <test-method signature="verify_login_pageAgain()[pri:0, instance:com.test.TC_login_page@68878f6d]" started-at="2023-08-25T16:31:40Z" name="verify_login_pageAgain" finished-at="2023-08-25T16:31:58Z" duration-ms="17597" status="PASS">
          <reporter-output>
          </reporter-output>
        </test-method> <!-- verify_login_pageAgain -->
        <test-method is-config="true" signature="tearDown()[pri:0, instance:com.test.TC_login_page@68878f6d]" started-at="2023-08-25T16:31:58Z" name="tearDown" finished-at="2023-08-25T16:31:58Z" duration-ms="0" status="PASS">
          <reporter-output>
          </reporter-output>
        </test-method> <!-- tearDown -->
      </class> <!-- com.test.TC_login_page -->
    </test> <!-- Default test -->
  </suite> <!-- Default suite -->
</testng-results>
